<?xml version="1.0" encoding="UTF-8"?>
<testng-results ignored="0" total="1" passed="1" failed="0" skipped="0">
  <reporter-output>
  </reporter-output>
  <suite started-at="2022-01-18T18:16:03 CET" name="Default suite" finished-at="2022-01-18T18:16:44 CET" duration-ms="40745">
    <groups>
    </groups>
    <test started-at="2022-01-18T18:16:03 CET" name="Default test" finished-at="2022-01-18T18:16:44 CET" duration-ms="40745">
      <class name="tests.AutomationTest">
        <test-method is-config="true" signature="setUp()[pri:0, instance:tests.AutomationTest@40ef3420]" started-at="2022-01-18T18:16:03 CET" name="setUp" finished-at="2022-01-18T18:16:09 CET" duration-ms="5876" status="PASS">
          <reporter-output>
          </reporter-output>
        </test-method> <!-- setUp -->
        <test-method signature="ProductTest()[pri:0, instance:tests.AutomationTest@40ef3420]" started-at="2022-01-18T18:16:09 CET" name="ProductTest" finished-at="2022-01-18T18:16:43 CET" duration-ms="34821" status="PASS">
          <reporter-output>
          </reporter-output>
        </test-method> <!-- ProductTest -->
        <test-method is-config="true" signature="tearDown()[pri:0, instance:tests.AutomationTest@40ef3420]" started-at="2022-01-18T18:16:44 CET" name="tearDown" finished-at="2022-01-18T18:16:44 CET" duration-ms="199" status="PASS">
          <reporter-output>
          </reporter-output>
        </test-method> <!-- tearDown -->
      </class> <!-- tests.AutomationTest -->
    </test> <!-- Default test -->
  </suite> <!-- Default suite -->
</testng-results>
